T: Sun May 01 13:46:23 2022 M: Log file opened
T: Sun May 01 13:46:23 2022 M: Program uruchomiono poprawnie
T: Sun May 01 13:46:23 2022 M: Log file closed
T: Mon May 02 14:51:34 2022 M: Log file opened
T: Mon May 02 14:51:34 2022 M: Program uruchomiono poprawnie
T: Mon May 02 14:51:34 2022 M: Log file closed
T: Mon May 02 14:52:07 2022 M: Log file opened
T: Mon May 02 14:52:07 2022 M: Program uruchomiono poprawnie
T: Mon May 02 14:52:08 2022 M: Log file closed
T: Mon May 02 14:53:04 2022 M: Log file opened
T: Mon May 02 14:53:04 2022 M: Program uruchomiono poprawnie
T: Mon May 02 14:53:04 2022 M: Log file closed
T: Mon May 02 14:55:48 2022 M: Log file opened
T: Mon May 02 14:55:48 2022 M: Program uruchomiono poprawnie
T: Mon May 02 14:55:48 2022 M: Log file closed
T: Mon May 02 14:58:43 2022 M: Log file opened
T: Mon May 02 14:58:43 2022 M: Program uruchomiono poprawnie
T: Mon May 02 14:58:43 2022 M: Log file closed
T: Mon May 02 14:58:56 2022 M: Log file opened
T: Mon May 02 14:58:56 2022 M: Program uruchomiono poprawnie
T: Mon May 02 14:58:56 2022 M: Log file closed
T: Mon May 02 15:00:39 2022 M: Log file opened
T: Mon May 02 15:00:39 2022 M: Program uruchomiono poprawnie
T: Mon May 02 15:00:39 2022 M: Log file closed
T: Mon May 02 15:00:48 2022 M: Log file opened
T: Mon May 02 15:00:48 2022 M: Program uruchomiono poprawnie
T: Mon May 02 15:00:48 2022 M: Log file closed
T: Tue May 03 12:45:26 2022 M: Log file opened
T: Tue May 03 12:45:26 2022 M: Program uruchomiono poprawnie
T: Tue May 03 12:45:26 2022 M: Log file closed
T: Tue May 03 12:45:32 2022 M: Log file opened
T: Tue May 03 12:45:32 2022 M: Program uruchomiono poprawnie
T: Tue May 03 12:45:32 2022 M: Log file closed
T: Tue May 03 12:48:52 2022 M: Log file opened
T: Tue May 03 12:48:52 2022 M: Program uruchomiono poprawnie
T: Tue May 03 12:48:52 2022 M: Log file closed
T: Tue May 03 12:48:54 2022 M: Log file opened
T: Tue May 03 12:48:54 2022 M: Program uruchomiono poprawnie
T: Tue May 03 12:48:54 2022 M: Log file closed
T: Tue May 03 12:48:55 2022 M: Log file opened
T: Tue May 03 12:48:55 2022 M: Program uruchomiono poprawnie
T: Tue May 03 12:48:55 2022 M: Log file closed
T: Tue May 03 12:48:56 2022 M: Log file opened
T: Tue May 03 12:48:56 2022 M: Program uruchomiono poprawnie
T: Tue May 03 12:48:56 2022 M: Log file closed
T: Tue May 03 12:48:58 2022 M: Log file opened
T: Tue May 03 12:48:58 2022 M: Program uruchomiono poprawnie
T: Tue May 03 12:48:58 2022 M: Log file closed
T: Tue May 03 12:49:47 2022 M: Log file opened
T: Tue May 03 12:49:47 2022 M: Program uruchomiono poprawnie
T: Tue May 03 12:49:47 2022 M: Log file closed
T: Tue May 03 12:55:32 2022 M: Log file opened
T: Tue May 03 12:55:32 2022 M: Program uruchomiono poprawnie
T: Tue May 03 12:55:32 2022 M: Log file closed
T: Tue May 03 12:55:34 2022 M: Log file opened
T: Tue May 03 12:55:34 2022 M: Program uruchomiono poprawnie
T: Tue May 03 12:55:34 2022 M: Log file closed
T: Tue May 03 12:55:40 2022 M: Log file opened
T: Tue May 03 12:55:40 2022 M: Program uruchomiono poprawnie
T: Tue May 03 12:55:40 2022 M: Log file closed
T: Tue May 03 12:56:02 2022 M: Log file opened
T: Tue May 03 12:56:02 2022 M: Program uruchomiono poprawnie
T: Tue May 03 12:56:02 2022 M: Log file closed
T: Tue May 03 12:56:08 2022 M: Log file opened
T: Tue May 03 12:56:08 2022 M: Program uruchomiono poprawnie
T: Tue May 03 12:56:08 2022 M: Log file closed
T: Tue May 03 12:56:18 2022 M: Log file opened
T: Tue May 03 12:56:18 2022 M: Program uruchomiono poprawnie
T: Tue May 03 12:56:18 2022 M: Log file closed
T: Tue May 03 13:07:49 2022 M: Log file opened
T: Tue May 03 13:07:49 2022 M: Program uruchomiono poprawnie
T: Tue May 03 13:07:49 2022 M: Log file closed
T: Tue May 03 13:11:31 2022 M: Log file opened
T: Tue May 03 13:11:31 2022 M: Program uruchomiono poprawnie
T: Tue May 03 13:11:31 2022 M: Log file closed
T: Tue May 03 13:21:07 2022 M: Log file opened
T: Tue May 03 13:21:07 2022 M: Program uruchomiono poprawnie
T: Tue May 03 13:21:07 2022 M: Log file closed
T: Tue May 03 13:21:13 2022 M: Log file opened
T: Tue May 03 13:21:13 2022 M: Program uruchomiono poprawnie
T: Tue May 03 13:21:13 2022 M: Log file closed
T: Tue May 03 13:24:02 2022 M: Log file opened
T: Tue May 03 13:24:02 2022 M: Program uruchomiono poprawnie
T: Tue May 03 13:24:02 2022 M: Log file closed
T: Tue May 03 13:24:36 2022 M: Log file opened
T: Tue May 03 13:24:36 2022 M: Program uruchomiono poprawnie
T: Tue May 03 13:24:36 2022 M: Log file closed
T: Tue May 03 13:25:11 2022 M: Log file opened
T: Tue May 03 13:25:11 2022 M: Program uruchomiono poprawnie
T: Tue May 03 13:25:11 2022 M: Log file closed
T: Tue May 03 13:25:41 2022 M: Log file opened
T: Tue May 03 13:25:41 2022 M: Program uruchomiono poprawnie
T: Tue May 03 13:25:41 2022 M: Log file closed
T: Tue May 03 13:25:53 2022 M: Log file opened
T: Tue May 03 13:25:53 2022 M: Program uruchomiono poprawnie
T: Tue May 03 13:25:53 2022 M: Log file closed
T: Tue May 03 13:26:15 2022 M: Log file opened
T: Tue May 03 13:26:15 2022 M: Program uruchomiono poprawnie
T: Tue May 03 13:26:15 2022 M: Log file closed
T: Tue May 03 13:26:23 2022 M: Log file opened
T: Tue May 03 13:26:23 2022 M: Program uruchomiono poprawnie
T: Tue May 03 13:26:23 2022 M: Log file closed
T: Tue May 03 13:26:30 2022 M: Log file opened
T: Tue May 03 13:26:30 2022 M: Program uruchomiono poprawnie
T: Tue May 03 13:26:30 2022 M: Log file closed
T: Tue May 03 13:26:47 2022 M: Log file opened
T: Tue May 03 13:26:47 2022 M: Program uruchomiono poprawnie
T: Tue May 03 13:26:47 2022 M: Log file closed
T: Tue May 03 13:27:12 2022 M: Log file opened
T: Tue May 03 13:27:12 2022 M: Program uruchomiono poprawnie
T: Tue May 03 13:27:12 2022 M: Log file closed
T: Tue May 03 13:28:30 2022 M: Log file opened
T: Tue May 03 13:28:30 2022 M: Program uruchomiono poprawnie
T: Tue May 03 13:28:30 2022 M: Log file closed
T: Tue May 03 13:28:43 2022 M: Log file opened
T: Tue May 03 13:28:43 2022 M: Program uruchomiono poprawnie
T: Tue May 03 13:28:43 2022 M: Log file closed
T: Tue May 03 13:28:50 2022 M: Log file opened
T: Tue May 03 13:28:50 2022 M: Program uruchomiono poprawnie
T: Tue May 03 13:28:50 2022 M: Log file closed
T: Tue May 03 13:29:12 2022 M: Log file opened
T: Tue May 03 13:29:12 2022 M: Program uruchomiono poprawnie
T: Tue May 03 13:29:12 2022 M: Log file closed
T: Tue May 03 13:30:53 2022 M: Log file opened
T: Tue May 03 13:30:53 2022 M: Program uruchomiono poprawnie
T: Tue May 03 13:30:53 2022 M: Log file closed
T: Tue May 03 13:30:59 2022 M: Log file opened
T: Tue May 03 13:30:59 2022 M: Program uruchomiono poprawnie
T: Tue May 03 13:30:59 2022 M: Log file closed
T: Tue May 03 13:31:04 2022 M: Log file opened
T: Tue May 03 13:31:04 2022 M: Program uruchomiono poprawnie
T: Tue May 03 13:31:04 2022 M: Log file closed
T: Tue May 03 14:06:30 2022 M: Log file opened
T: Tue May 03 14:06:30 2022 M: Program uruchomiono poprawnie
T: Tue May 03 14:06:30 2022 M: Log file closed
T: Tue May 03 14:06:54 2022 M: Log file opened
T: Tue May 03 14:06:54 2022 M: Program uruchomiono poprawnie
T: Tue May 03 14:06:54 2022 M: Log file closed
T: Tue May 03 14:18:33 2022 M: Log file opened
T: Tue May 03 14:18:33 2022 M: Program uruchomiono poprawnie
T: Tue May 03 14:18:33 2022 M: Log file closed
T: Tue May 03 14:19:49 2022 M: Log file opened
T: Tue May 03 14:19:49 2022 M: Program uruchomiono poprawnie
T: Tue May 03 14:19:49 2022 M: Log file closed
T: Tue May 03 14:20:24 2022 M: Log file opened
T: Tue May 03 14:20:24 2022 M: Program uruchomiono poprawnie
T: Tue May 03 14:20:24 2022 M: Log file closed
T: Tue May 03 14:35:08 2022 M: Log file opened
T: Tue May 03 14:35:08 2022 M: Program uruchomiono poprawnie
T: Tue May 03 14:35:08 2022 M: Log file closed
T: Tue May 03 14:35:32 2022 M: Log file opened
T: Tue May 03 14:35:32 2022 M: Program uruchomiono poprawnie
T: Tue May 03 14:35:32 2022 M: Log file closed
T: Tue May 03 14:38:55 2022 M: Log file opened
T: Tue May 03 14:38:55 2022 M: Program uruchomiono poprawnie
T: Tue May 03 14:38:55 2022 M: Log file closed
T: Tue May 03 14:39:28 2022 M: Log file opened
T: Tue May 03 14:39:28 2022 M: Program uruchomiono poprawnie
T: Tue May 03 14:39:28 2022 M: Log file closed
T: Tue May 03 14:40:03 2022 M: Log file opened
T: Tue May 03 14:40:03 2022 M: Program uruchomiono poprawnie
T: Tue May 03 14:40:03 2022 M: Log file closed
T: Tue May 03 14:40:51 2022 M: Log file opened
T: Tue May 03 14:40:51 2022 M: Program uruchomiono poprawnie
T: Tue May 03 14:40:51 2022 M: Log file closed
T: Tue May 03 14:45:21 2022 M: Log file opened
T: Tue May 03 14:45:21 2022 M: Program uruchomiono poprawnie
T: Tue May 03 14:45:21 2022 M: Log file closed
T: Tue May 03 14:45:28 2022 M: Log file opened
T: Tue May 03 14:45:28 2022 M: Program uruchomiono poprawnie
T: Tue May 03 14:45:28 2022 M: Log file closed
T: Tue May 03 14:45:32 2022 M: Log file opened
T: Tue May 03 14:45:32 2022 M: Program uruchomiono poprawnie
T: Tue May 03 14:45:32 2022 M: Log file closed
T: Tue May 03 14:46:43 2022 M: Log file opened
T: Tue May 03 14:46:43 2022 M: Program uruchomiono poprawnie
T: Tue May 03 14:46:43 2022 M: Log file closed
T: Tue May 03 14:48:15 2022 M: Log file opened
T: Tue May 03 14:48:15 2022 M: Program uruchomiono poprawnie
T: Tue May 03 14:48:15 2022 M: Log file closed
T: Tue May 03 14:49:10 2022 M: Log file opened
T: Tue May 03 14:49:10 2022 M: Program uruchomiono poprawnie
T: Tue May 03 14:49:10 2022 M: Log file closed
T: Sat May 07 11:04:14 2022 M: Log file opened
T: Sat May 07 11:04:14 2022 M: Program uruchomiono poprawnie
T: Sat May 07 11:04:14 2022 M: Log file closed
T: Sat May 07 11:35:29 2022 M: Log file opened
T: Sat May 07 11:35:29 2022 M: Program uruchomiono poprawnie
T: Sat May 07 11:35:29 2022 M: Log file closed
T: Sat May 07 11:42:52 2022 M: Log file opened
T: Sat May 07 11:42:52 2022 M: Program uruchomiono poprawnie
T: Sat May 07 11:42:52 2022 M: Log file closed
T: Sat May 07 11:43:40 2022 M: Log file opened
T: Sat May 07 11:43:40 2022 M: Program uruchomiono poprawnie
T: Sat May 07 11:43:40 2022 M: Log file closed
T: Sat May 07 11:54:29 2022 M: Log file opened
T: Sat May 07 11:54:29 2022 M: Program uruchomiono poprawnie
T: Sat May 07 11:54:29 2022 M: Log file closed
T: Sat May 07 11:55:10 2022 M: Log file opened
T: Sat May 07 11:55:10 2022 M: Program uruchomiono poprawnie
T: Sat May 07 11:55:10 2022 M: Log file closed
T: Sat May 07 12:02:20 2022 M: Log file opened
T: Sat May 07 12:02:20 2022 M: Program uruchomiono poprawnie
T: Sat May 07 12:02:20 2022 M: Log file closed
T: Sat May 07 12:05:42 2022 M: Log file opened
T: Sat May 07 12:05:42 2022 M: Program uruchomiono poprawnie
T: Sat May 07 12:05:42 2022 M: Log file closed
T: Sat May 07 12:15:12 2022 M: Log file opened
T: Sat May 07 12:15:12 2022 M: Program uruchomiono poprawnie
T: Sat May 07 12:15:12 2022 M: Log file closed
T: Sat May 07 12:15:48 2022 M: Log file opened
T: Sat May 07 12:15:48 2022 M: Program uruchomiono poprawnie
T: Sat May 07 12:15:48 2022 M: Log file closed
T: Sat May 07 12:17:01 2022 M: Log file opened
T: Sat May 07 12:17:01 2022 M: Program uruchomiono poprawnie
T: Sat May 07 12:17:01 2022 M: Log file closed
T: Sat May 07 12:17:05 2022 M: Log file opened
T: Sat May 07 12:17:05 2022 M: Program uruchomiono poprawnie
T: Sat May 07 12:17:05 2022 M: file1.binXD
T: Sat May 07 12:17:05 2022 M: Log file closed
T: Sat May 07 12:19:03 2022 M: Log file opened
T: Sat May 07 12:19:03 2022 M: Program uruchomiono poprawnie
T: Sat May 07 12:19:03 2022 M: Porównano plik: file1.binz plikiem: file2.bin
T: Sat May 07 12:19:03 2022 M: Log file closed
T: Sat May 07 12:20:15 2022 M: Log file opened
T: Sat May 07 12:20:15 2022 M: Program uruchomiono poprawnie
T: Sat May 07 12:20:15 2022 M: Porównano plik: file1.bin z plikiem: file2.bin
T: Sat May 07 12:20:15 2022 M: BER= 
T: Sat May 07 12:20:15 2022 M: Log file closed
T: Sat May 07 12:21:34 2022 M: Log file opened
T: Sat May 07 12:21:34 2022 M: Program uruchomiono poprawnie
T: Sat May 07 12:21:34 2022 M: Porównano plik: file1.bin z plikiem: file2.bin
T: Sat May 07 12:21:34 2022 M: BER = 
T: Sat May 07 12:21:34 2022 M: Log file closed
T: Sat May 07 12:23:24 2022 M: Log file opened
T: Sat May 07 12:23:24 2022 M: Program uruchomiono poprawnie
T: Sat May 07 12:23:24 2022 M: Porównano plik: file1.bin z plikiem: file2.bin
T: Sat May 07 12:23:24 2022 M: BER = 
T: Sat May 07 12:23:24 2022 M: Log file closed
T: Sat May 07 12:30:58 2022 M: Log file opened
T: Sat May 07 12:30:58 2022 M: Program uruchomiono poprawnie
T: Sat May 07 12:30:58 2022 M: Porównano plik: file1.bin z plikiem: file2.bin
T: Sat May 07 12:30:58 2022 M: BER = 0.000000
T: Sat May 07 12:30:58 2022 M: Log file closed
T: Sat May 07 12:31:29 2022 M: Log file opened
T: Sat May 07 12:31:29 2022 M: Program uruchomiono poprawnie
T: Sat May 07 12:31:29 2022 M: Porównano plik: file1.bin z plikiem: file2.bin
T: Sat May 07 12:31:29 2022 M: BER = 0
T: Sat May 07 12:31:29 2022 M: Log file closed
T: Sat May 07 12:35:10 2022 M: Log file opened
T: Sat May 07 12:35:10 2022 M: Program uruchomiono poprawnie
T: Sat May 07 12:35:10 2022 M: Porównano plik: file1.bin z plikiem: file2.bin
T: Sat May 07 12:35:10 2022 M: Sprawdzono bitów: 800
T: Sat May 07 12:35:10 2022 M: BER = 0
T: Sat May 07 12:35:10 2022 M: Czas obliczeń wynosił: 0 mili Sekund
T: Sat May 07 12:35:10 2022 M: Log file closed
